\BOOKMARK [1][-]{section.1}{Introducci\363n}{}% 1
\BOOKMARK [1][-]{section.2}{Dise\361o experimental}{}% 2
\BOOKMARK [2][-]{subsection.2.1}{Disposici\363n el\351ctrica}{section.2}% 3
\BOOKMARK [3][-]{subsubsection.2.1.1}{Control de hardware}{subsection.2.1}% 4
\BOOKMARK [3][-]{subsubsection.2.1.2}{Control de avance}{subsection.2.1}% 5
\BOOKMARK [3][-]{subsubsection.2.1.3}{Sensor de electro-recepci\363n pasiva}{subsection.2.1}% 6
\BOOKMARK [3][-]{subsubsection.2.1.4}{Sensor de electro-recepci\363n activa}{subsection.2.1}% 7
\BOOKMARK [2][-]{subsection.2.2}{Disposici\363n mec\341nica}{section.2}% 8
\BOOKMARK [1][-]{section.3}{Control de hardware a trav\351s del software free infrarossi}{}% 9
\BOOKMARK [2][-]{subsection.3.1}{\277Qu\351 es free infrarossi?}{section.3}% 10
\BOOKMARK [2][-]{subsection.3.2}{Licencia}{section.3}% 11
\BOOKMARK [2][-]{subsection.3.3}{Instalaci\363n}{section.3}% 12
\BOOKMARK [2][-]{subsection.3.4}{Primer uso free infrarossi}{section.3}% 13
\BOOKMARK [2][-]{subsection.3.5}{Carga de firmware en integrado atmega 328}{section.3}% 14
\BOOKMARK [2][-]{subsection.3.6}{Test del instrumento infrarossi y su software de control free infrarossi}{section.3}% 15
\BOOKMARK [1][-]{section*.2}{LISTA DE ANEXOS}{}% 16
\BOOKMARK [1][-]{appendix.A}{Dise\361o el\351ctrico}{}% 17
\BOOKMARK [2][-]{subsection.A.1}{Esquema el\351ctrico equivalente del veh\355culo}{appendix.A}% 18
\BOOKMARK [2][-]{subsection.A.2}{Montaje el\351ctrico en protoboard}{appendix.A}% 19
\BOOKMARK [2][-]{subsection.A.3}{Montaje el\351ctrico, sistema control de hardware}{appendix.A}% 20
\BOOKMARK [2][-]{subsection.A.4}{Montaje el\351ctrico, sistema control de avance del veh\355culo infrarossi}{appendix.A}% 21
\BOOKMARK [2][-]{subsection.A.5}{Montaje el\351ctrico, sensor electro-recepci\363n pasiva}{appendix.A}% 22
\BOOKMARK [2][-]{subsection.A.6}{Montaje el\351ctrico, sensor electro-recepci\363n activa}{appendix.A}% 23
\BOOKMARK [1][-]{appendix.B}{Dise\361o mec\341nico}{}% 24
\BOOKMARK [2][-]{subsection.B.1}{Montaje mec\341nico, dimensiones del chasis.}{appendix.B}% 25
\BOOKMARK [2][-]{subsection.B.2}{Montaje mec\341nico, vista inferior}{appendix.B}% 26
\BOOKMARK [2][-]{subsection.B.3}{Montaje mec\341nico, vista superior}{appendix.B}% 27
\BOOKMARK [2][-]{subsection.B.4}{Montaje mec\341nico, vista superior del chasis.}{appendix.B}% 28
\BOOKMARK [2][-]{subsection.B.5}{Montaje mec\341nico.}{appendix.B}% 29
\BOOKMARK [1][-]{appendix.C}{C\363digos del programa free infrarrosi}{}% 30
\BOOKMARK [2][-]{subsection.C.1}{LICENSE}{appendix.C}% 31
\BOOKMARK [2][-]{subsection.C.2}{copyright}{appendix.C}% 32
\BOOKMARK [2][-]{subsection.C.3}{README.md}{appendix.C}% 33
\BOOKMARK [2][-]{subsection.C.4}{instalador.py}{appendix.C}% 34
\BOOKMARK [2][-]{subsection.C.5}{INSTALADOR.py}{appendix.C}% 35
\BOOKMARK [2][-]{subsection.C.6}{unistall.py}{appendix.C}% 36
\BOOKMARK [2][-]{subsection.C.7}{infrarossi.py}{appendix.C}% 37
\BOOKMARK [2][-]{subsection.C.8}{infrarossi}{appendix.C}% 38
\BOOKMARK [2][-]{subsection.C.9}{c\137Blue.sh}{appendix.C}% 39
\BOOKMARK [2][-]{subsection.C.10}{g\137p\137Abs.py}{appendix.C}% 40
\BOOKMARK [2][-]{subsection.C.11}{g\137p\137Ate.py}{appendix.C}% 41
\BOOKMARK [2][-]{subsection.C.12}{Estadistica1.m}{appendix.C}% 42
\BOOKMARK [2][-]{subsection.C.13}{Estadistica2.m}{appendix.C}% 43
\BOOKMARK [2][-]{subsection.C.14}{Atenuacion.py}{appendix.C}% 44
\BOOKMARK [2][-]{subsection.C.15}{Absorcion.py}{appendix.C}% 45
\BOOKMARK [2][-]{subsection.C.16}{Difraccion.py}{appendix.C}% 46
\BOOKMARK [2][-]{subsection.C.17}{c\137p\137Abs.py}{appendix.C}% 47
\BOOKMARK [2][-]{subsection.C.18}{c\137p\137Dif.py}{appendix.C}% 48
\BOOKMARK [2][-]{subsection.C.19}{c\137p\137Ate.py}{appendix.C}% 49
\BOOKMARK [2][-]{subsection.C.20}{Estadis2.py}{appendix.C}% 50
\BOOKMARK [2][-]{subsection.C.21}{o\137Carpetas.py}{appendix.C}% 51
\BOOKMARK [2][-]{subsection.C.22}{o\137Carpetas1.py}{appendix.C}% 52
\BOOKMARK [2][-]{subsection.C.23}{o\137Carpetas2.py}{appendix.C}% 53
\BOOKMARK [2][-]{subsection.C.24}{m\137Carpeta.sh}{appendix.C}% 54
\BOOKMARK [2][-]{subsection.C.25}{m\137Carpetas1.sh}{appendix.C}% 55
\BOOKMARK [2][-]{subsection.C.26}{m\137Carpetas2.sh}{appendix.C}% 56
\BOOKMARK [2][-]{subsection.C.27}{G\137firmware.py}{appendix.C}% 57
\BOOKMARK [2][-]{subsection.C.28}{firmware\137free\137infrarossi.py}{appendix.C}% 58
\BOOKMARK [2][-]{subsection.C.29}{infrarossi.cpp}{appendix.C}% 59
\BOOKMARK [2][-]{subsection.C.30}{infrarossi.hex}{appendix.C}% 60
