\BOOKMARK [1][-]{section.1}{Introducci\363n}{}% 1
\BOOKMARK [1][-]{section.2}{Elaboraci\363n del veh\355culo y sus componentes electr\363nicas}{}% 2
\BOOKMARK [2][-]{subsection.2.1}{ Materiales para el montaje}{section.2}% 3
\BOOKMARK [2][-]{subsection.2.2}{Montaje experimental}{section.2}% 4
\BOOKMARK [3][-]{subsubsection.2.2.1}{Transformador de 9 a 5 Voltios}{subsection.2.2}% 5
\BOOKMARK [3][-]{subsubsection.2.2.2}{Modulo bluetooth}{subsection.2.2}% 6
\BOOKMARK [3][-]{subsubsection.2.2.3}{Oscilador}{subsection.2.2}% 7
\BOOKMARK [3][-]{subsubsection.2.2.4}{Bot\363n reset}{subsection.2.2}% 8
\BOOKMARK [3][-]{subsubsection.2.2.5}{Tip 122 y motor}{subsection.2.2}% 9
\BOOKMARK [3][-]{subsubsection.2.2.6}{Sensor receptor lateral}{subsection.2.2}% 10
\BOOKMARK [3][-]{subsubsection.2.2.7}{Sensor frontal emisor - receptor}{subsection.2.2}% 11
\BOOKMARK [3][-]{subsubsection.2.2.8}{Diodo led RGB}{subsection.2.2}% 12
\BOOKMARK [1][-]{section.3}{Control de hardware a trav\351s del software free infrarrosi}{}% 13
\BOOKMARK [2][-]{subsection.3.1}{\277Qu\351 es free infrarrosi?}{section.3}% 14
\BOOKMARK [1][-]{section*.2}{LISTA DE ANEXOS}{}% 15
\BOOKMARK [1][-]{appendix.A}{Esquemas}{}% 16
\BOOKMARK [2][-]{subsection.A.1}{Montaje final protoboard}{appendix.A}% 17
\BOOKMARK [2][-]{subsection.A.2}{Circuito el\351ctrico final.}{appendix.A}% 18
\BOOKMARK [1][-]{appendix.B}{Chasis}{}% 19
\BOOKMARK [2][-]{subsection.B.1}{Dimensiones del chasis}{appendix.B}% 20
\BOOKMARK [2][-]{subsection.B.2}{Montaje simulado vista inferior}{appendix.B}% 21
\BOOKMARK [2][-]{subsection.B.3}{Montaje simulado vista superior}{appendix.B}% 22
\BOOKMARK [2][-]{subsection.B.4}{Montaje real vista inferior}{appendix.B}% 23
\BOOKMARK [2][-]{subsection.B.5}{Montaje real vista superior}{appendix.B}% 24
\BOOKMARK [1][-]{appendix.C}{Primer algoritmo}{}% 25
\BOOKMARK [1][-]{appendix.D}{Segundo algoritmo}{}% 26
\BOOKMARK [1][-]{appendix.E}{Primer definici\363n}{}% 27
\BOOKMARK [1][-]{appendix.F}{Segundo definici\363n}{}% 28
